Using pre-set license
Built from '2021.3/staging' branch; Version is '2021.3.3f1 (af2e63e8f9bd) revision 11480675'; Using compiler version '192829333'; Build Type 'Release'
OS: 'Windows 10  (10.0.19044) 64bit Core' Language: 'en' Physical Memory: 32661 MB
BatchMode: 1, IsHumanControllingUs: 0, StartBugReporterOnCrash: 0, Is64bit: 1, IsPro: 1

COMMAND LINE ARGUMENTS:
C:\Program Files\Unity\Hub\Editor\2021.3.3f1\Editor\Unity.exe
-adb2
-batchMode
-noUpm
-name
AssetImportWorker4
-projectPath
F:/frien_000/Unity/CQCProj/CQC
-logFile
Logs/AssetImportWorker4.log
-srvPort
51455
Successfully changed project path to: F:/frien_000/Unity/CQCProj/CQC
F:/frien_000/Unity/CQCProj/CQC
[UnityMemory] Configuration Parameters - Can be set up in boot.config
    "memorysetup-bucket-allocator-granularity=16"
    "memorysetup-bucket-allocator-bucket-count=8"
    "memorysetup-bucket-allocator-block-size=33554432"
    "memorysetup-bucket-allocator-block-count=8"
    "memorysetup-main-allocator-block-size=16777216"
    "memorysetup-thread-allocator-block-size=16777216"
    "memorysetup-gfx-main-allocator-block-size=16777216"
    "memorysetup-gfx-thread-allocator-block-size=16777216"
    "memorysetup-cache-allocator-block-size=4194304"
    "memorysetup-typetree-allocator-block-size=2097152"
    "memorysetup-profiler-bucket-allocator-granularity=16"
    "memorysetup-profiler-bucket-allocator-bucket-count=8"
    "memorysetup-profiler-bucket-allocator-block-size=33554432"
    "memorysetup-profiler-bucket-allocator-block-count=8"
    "memorysetup-profiler-allocator-block-size=16777216"
    "memorysetup-profiler-editor-allocator-block-size=1048576"
    "memorysetup-temp-allocator-size-main=16777216"
    "memorysetup-job-temp-allocator-block-size=2097152"
    "memorysetup-job-temp-allocator-block-size-background=1048576"
    "memorysetup-job-temp-allocator-reduction-small-platforms=262144"
    "memorysetup-temp-allocator-size-background-worker=32768"
    "memorysetup-temp-allocator-size-job-worker=262144"
    "memorysetup-temp-allocator-size-preload-manager=33554432"
    "memorysetup-temp-allocator-size-nav-mesh-worker=65536"
    "memorysetup-temp-allocator-size-audio-worker=65536"
    "memorysetup-temp-allocator-size-cloud-worker=32768"
    "memorysetup-temp-allocator-size-gi-baking-worker=262144"
    "memorysetup-temp-allocator-size-gfx=262144"
Refreshing native plugins compatible for Editor in 32.51 ms, found 3 plugins.
Preloading 0 native plugins for Editor in 0.00 ms.
Initialize engine version: 2021.3.3f1 (af2e63e8f9bd)
[Subsystems] Discovering subsystems at path C:/Program Files/Unity/Hub/Editor/2021.3.3f1/Editor/Data/Resources/UnitySubsystems
[Subsystems] Discovering subsystems at path F:/frien_000/Unity/CQCProj/CQC/Assets
GfxDevice: creating device client; threaded=0; jobified=0
Direct3D:
    Version:  Direct3D 11.0 [level 11.1]
    Renderer: NVIDIA GeForce GTX 1080 (ID=0x1b80)
    Vendor:   NVIDIA
    VRAM:     8079 MB
    Driver:   30.0.15.1295
Initialize mono
Mono path[0] = 'C:/Program Files/Unity/Hub/Editor/2021.3.3f1/Editor/Data/Managed'
Mono path[1] = 'C:/Program Files/Unity/Hub/Editor/2021.3.3f1/Editor/Data/MonoBleedingEdge/lib/mono/unityjit-win32'
Mono config path = 'C:/Program Files/Unity/Hub/Editor/2021.3.3f1/Editor/Data/MonoBleedingEdge/etc'
Using monoOptions --debugger-agent=transport=dt_socket,embedding=1,server=y,suspend=n,address=127.0.0.1:56060
Begin MonoManager ReloadAssembly
Registering precompiled unity dll's ...
Register platform support module: C:/Program Files/Unity/Hub/Editor/2021.3.3f1/Editor/Data/PlaybackEngines/WindowsStandaloneSupport/UnityEditor.WindowsStandalone.Extensions.dll
Registered in 0.005549 seconds.
Native extension for WindowsStandalone target not found
Refreshing native plugins compatible for Editor in 29.50 ms, found 3 plugins.
Preloading 0 native plugins for Editor in 0.00 ms.
Mono: successfully reloaded assembly
- Completed reload, in  0.470 seconds
Domain Reload Profiling:
	ReloadAssembly (470ms)
		BeginReloadAssembly (59ms)
			ExecutionOrderSort (0ms)
			DisableScriptedObjects (0ms)
			BackupInstance (0ms)
			ReleaseScriptingObjects (0ms)
			CreateAndSetChildDomain (1ms)
		EndReloadAssembly (322ms)
			LoadAssemblies (57ms)
			RebuildTransferFunctionScriptingTraits (0ms)
			SetupTypeCache (83ms)
			ReleaseScriptCaches (0ms)
			RebuildScriptCaches (22ms)
			SetupLoadedEditorAssemblies (179ms)
				LogAssemblyErrors (0ms)
				InitializePlatformSupportModulesInManaged (7ms)
				SetLoadedEditorAssemblies (0ms)
				RefreshPlugins (30ms)
				BeforeProcessingInitializeOnLoad (1ms)
				ProcessInitializeOnLoadAttributes (107ms)
				ProcessInitializeOnLoadMethodAttributes (34ms)
				AfterProcessingInitializeOnLoad (0ms)
				EditorAssembliesLoaded (0ms)
			ExecutionOrderSort2 (0ms)
			AwakeInstancesAfterBackupRestoration (0ms)
Platform modules already initialized, skipping
Registering precompiled user dll's ...
Registered in 0.002431 seconds.
Begin MonoManager ReloadAssembly
Native extension for WindowsStandalone target not found
Refreshing native plugins compatible for Editor in 0.44 ms, found 3 plugins.
Preloading 0 native plugins for Editor in 0.00 ms.
Mono: successfully reloaded assembly
- Completed reload, in  0.718 seconds
Domain Reload Profiling:
	ReloadAssembly (718ms)
		BeginReloadAssembly (86ms)
			ExecutionOrderSort (0ms)
			DisableScriptedObjects (5ms)
			BackupInstance (0ms)
			ReleaseScriptingObjects (0ms)
			CreateAndSetChildDomain (15ms)
		EndReloadAssembly (544ms)
			LoadAssemblies (60ms)
			RebuildTransferFunctionScriptingTraits (0ms)
			SetupTypeCache (145ms)
			ReleaseScriptCaches (0ms)
			RebuildScriptCaches (38ms)
			SetupLoadedEditorAssemblies (274ms)
				LogAssemblyErrors (0ms)
				InitializePlatformSupportModulesInManaged (5ms)
				SetLoadedEditorAssemblies (0ms)
				RefreshPlugins (0ms)
				BeforeProcessingInitializeOnLoad (50ms)
				ProcessInitializeOnLoadAttributes (180ms)
				ProcessInitializeOnLoadMethodAttributes (31ms)
				AfterProcessingInitializeOnLoad (7ms)
				EditorAssembliesLoaded (0ms)
			ExecutionOrderSort2 (0ms)
			AwakeInstancesAfterBackupRestoration (4ms)
Platform modules already initialized, skipping
========================================================================
Worker process is ready to serve import requests
Launched and connected shader compiler UnityShaderCompiler.exe after 0.05 seconds
Refreshing native plugins compatible for Editor in 0.53 ms, found 3 plugins.
Preloading 0 native plugins for Editor in 0.00 ms.
Unloading 2186 Unused Serialized files (Serialized files now loaded: 0)
Unloading 39 unused Assets / (1.3 MB). Loaded Objects now: 2640.
Memory consumption went from 99.4 MB to 98.1 MB.
Total: 2.637300 ms (FindLiveObjects: 0.186800 ms CreateObjectMapping: 0.116200 ms MarkObjects: 2.070900 ms  DeleteObjects: 0.262400 ms)

AssetImportParameters requested are different than current active one (requested -> active):
  custom:video-decoder-ogg-theora: a1e56fd34408186e4bbccfd4996cb3dc -> 
  custom:container-muxer-webm: aa71ff27fc2769a1b78a27578f13a17b -> 
  custom:container-demuxer-webm: 4f35f7cbe854078d1ac9338744f61a02 -> 
  custom:video-encoder-webm-vp8: eb34c28f22e8b96e1ab97ce403110664 -> 
  custom:audio-encoder-webm-vorbis: bf7c407c2cedff20999df2af8eb42d56 -> 
  custom:framework-win-MediaFoundation: 216162199b28c13a410421893ffa2e32 -> 
  custom:container-demuxer-ogg: 62fdf1f143b41e24485cea50d1cbac27 -> 
  custom:video-decoder-webm-vp8: 9c59270c3fd7afecdb556c50c9e8de78 -> 
  custom:audio-decoder-ogg-vorbis: bf7c407c2cedff20999df2af8eb42d56 -> 
========================================================================
Received Import Request.
  Time since last request: 387340.313689 seconds.
  path: Assets/ImportedAssets/Mixamo/Suit Guy/RawAnimImport/jump.fbx
  artifactKey: Guid(f60d3e9657a1fe34a9ba50d652aa81e8) Importer(815301076,1909f56bfc062723c751e8b465ee728b)
Start importing Assets/ImportedAssets/Mixamo/Suit Guy/RawAnimImport/jump.fbx using Guid(f60d3e9657a1fe34a9ba50d652aa81e8) Importer(815301076,1909f56bfc062723c751e8b465ee728b)  -> (artifact id: 'e2a0dacb626aa620c31aeb00ea816b51') in 0.044194 seconds 
========================================================================
Received Import Request.
  Time since last request: 0.000021 seconds.
  path: Assets/ImportedAssets/Mixamo/Suit Guy/RawAnimImport/walking.fbx
  artifactKey: Guid(2ee6b2a02243bf642bd708b94c16905a) Importer(815301076,1909f56bfc062723c751e8b465ee728b)
Start importing Assets/ImportedAssets/Mixamo/Suit Guy/RawAnimImport/walking.fbx using Guid(2ee6b2a02243bf642bd708b94c16905a) Importer(815301076,1909f56bfc062723c751e8b465ee728b)  -> (artifact id: 'f7fdee3d14e64587cc86b79307f66ce9') in 0.009723 seconds 
========================================================================
Received Import Request.
  Time since last request: 8402.544320 seconds.
  path: Assets/ImportedAssets/Mixamo/Suit Guy/RawAnimImport/idle.fbx
  artifactKey: Guid(ca600d8f3cbf302418fc93e4873105f4) Importer(815301076,1909f56bfc062723c751e8b465ee728b)
Start importing Assets/ImportedAssets/Mixamo/Suit Guy/RawAnimImport/idle.fbx using Guid(ca600d8f3cbf302418fc93e4873105f4) Importer(815301076,1909f56bfc062723c751e8b465ee728b)  -> (artifact id: 'a42fea736e28acf30904a78fe97b8de2') in 0.042125 seconds 
========================================================================
Received Import Request.
  Time since last request: 5.988959 seconds.
  path: Assets/ImportedAssets/Mixamo/Suit Guy/RawAnimImport/jump.fbx
  artifactKey: Guid(f60d3e9657a1fe34a9ba50d652aa81e8) Importer(815301076,1909f56bfc062723c751e8b465ee728b)
Start importing Assets/ImportedAssets/Mixamo/Suit Guy/RawAnimImport/jump.fbx using Guid(f60d3e9657a1fe34a9ba50d652aa81e8) Importer(815301076,1909f56bfc062723c751e8b465ee728b)  -> (artifact id: '3aa55bab37ba9dcdcab35472bb50b490') in 0.005869 seconds 
========================================================================
Received Import Request.
  Time since last request: 12.853006 seconds.
  path: Assets/ImportedAssets/Mixamo/Suit Guy/RawAnimImport/left strafe walking.fbx
  artifactKey: Guid(ee3f84d42d9524e4585b749834041c31) Importer(815301076,1909f56bfc062723c751e8b465ee728b)
Start importing Assets/ImportedAssets/Mixamo/Suit Guy/RawAnimImport/left strafe walking.fbx using Guid(ee3f84d42d9524e4585b749834041c31) Importer(815301076,1909f56bfc062723c751e8b465ee728b)  -> (artifact id: 'b59632c60ef7772ad3740db177356ad1') in 0.007876 seconds 
========================================================================
Received Import Request.
  Time since last request: 7.854071 seconds.
  path: Assets/ImportedAssets/Mixamo/Suit Guy/RawAnimImport/left strafe.fbx
  artifactKey: Guid(e02dca0b6006f4f489eac58a35dee4be) Importer(815301076,1909f56bfc062723c751e8b465ee728b)
Start importing Assets/ImportedAssets/Mixamo/Suit Guy/RawAnimImport/left strafe.fbx using Guid(e02dca0b6006f4f489eac58a35dee4be) Importer(815301076,1909f56bfc062723c751e8b465ee728b)  -> (artifact id: '1a7a43c8501ee7559e1c0a3788def6a9') in 0.008814 seconds 
========================================================================
Received Import Request.
  Time since last request: 7.411518 seconds.
  path: Assets/ImportedAssets/Mixamo/Suit Guy/RawAnimImport/left turn 90.fbx
  artifactKey: Guid(896f124c085e4f7489bbbd83d9a5e6d5) Importer(815301076,1909f56bfc062723c751e8b465ee728b)
Start importing Assets/ImportedAssets/Mixamo/Suit Guy/RawAnimImport/left turn 90.fbx using Guid(896f124c085e4f7489bbbd83d9a5e6d5) Importer(815301076,1909f56bfc062723c751e8b465ee728b)  -> (artifact id: '5130de0510cf6b8004c87bd0cc8d8e04') in 0.007806 seconds 
========================================================================
Received Import Request.
  Time since last request: 9.931629 seconds.
  path: Assets/ImportedAssets/Mixamo/Suit Guy/RawAnimImport/left turn.fbx
  artifactKey: Guid(077004fc01ef98a4fbad8ce1e162939c) Importer(815301076,1909f56bfc062723c751e8b465ee728b)
Start importing Assets/ImportedAssets/Mixamo/Suit Guy/RawAnimImport/left turn.fbx using Guid(077004fc01ef98a4fbad8ce1e162939c) Importer(815301076,1909f56bfc062723c751e8b465ee728b)  -> (artifact id: '6ac78f18f63973840cb84f571e10baa2') in 0.008822 seconds 
========================================================================
Received Import Request.
  Time since last request: 19.815559 seconds.
  path: Assets/ImportedAssets/Mixamo/Suit Guy/RawAnimImport/right strafe walking.fbx
  artifactKey: Guid(d5c1f86f72df3e64a8229d52113bc9ef) Importer(815301076,1909f56bfc062723c751e8b465ee728b)
Start importing Assets/ImportedAssets/Mixamo/Suit Guy/RawAnimImport/right strafe walking.fbx using Guid(d5c1f86f72df3e64a8229d52113bc9ef) Importer(815301076,1909f56bfc062723c751e8b465ee728b)  -> (artifact id: '7beaaccee758c900b22940bb1d72bb3a') in 0.007657 seconds 
========================================================================
Received Import Request.
  Time since last request: 7.996804 seconds.
  path: Assets/ImportedAssets/Mixamo/Suit Guy/RawAnimImport/right strafe.fbx
  artifactKey: Guid(9813d1b4cd2f2584da17c64934c88466) Importer(815301076,1909f56bfc062723c751e8b465ee728b)
Start importing Assets/ImportedAssets/Mixamo/Suit Guy/RawAnimImport/right strafe.fbx using Guid(9813d1b4cd2f2584da17c64934c88466) Importer(815301076,1909f56bfc062723c751e8b465ee728b)  -> (artifact id: '775265229485adf9fd711261d54877a4') in 0.008569 seconds 
========================================================================
Received Import Request.
  Time since last request: 39.531041 seconds.
  path: Assets/ImportedAssets/Mixamo/Suit Guy/RawAnimImport/right turn 90.fbx
  artifactKey: Guid(7c523e273d31d0042b742441a4bb8f1d) Importer(815301076,1909f56bfc062723c751e8b465ee728b)
Start importing Assets/ImportedAssets/Mixamo/Suit Guy/RawAnimImport/right turn 90.fbx using Guid(7c523e273d31d0042b742441a4bb8f1d) Importer(815301076,1909f56bfc062723c751e8b465ee728b)  -> (artifact id: '6e0194d034eb7d79a760f5c8e281d32f') in 0.008592 seconds 
========================================================================
Received Import Request.
  Time since last request: 9.149146 seconds.
  path: Assets/ImportedAssets/Mixamo/Suit Guy/RawAnimImport/right turn.fbx
  artifactKey: Guid(22fb15e7966cc9249a8e4c8d0879aa02) Importer(815301076,1909f56bfc062723c751e8b465ee728b)
Start importing Assets/ImportedAssets/Mixamo/Suit Guy/RawAnimImport/right turn.fbx using Guid(22fb15e7966cc9249a8e4c8d0879aa02) Importer(815301076,1909f56bfc062723c751e8b465ee728b)  -> (artifact id: '96cad7c367b3df18c347d168e64a6503') in 0.007886 seconds 
========================================================================
Received Import Request.
  Time since last request: 5.455412 seconds.
  path: Assets/ImportedAssets/Mixamo/Suit Guy/RawAnimImport/running.fbx
  artifactKey: Guid(9c46c9c44724bdf40bcbbf6ac7e6a526) Importer(815301076,1909f56bfc062723c751e8b465ee728b)
Start importing Assets/ImportedAssets/Mixamo/Suit Guy/RawAnimImport/running.fbx using Guid(9c46c9c44724bdf40bcbbf6ac7e6a526) Importer(815301076,1909f56bfc062723c751e8b465ee728b)  -> (artifact id: '7fd0d5fb8c058dd95752b20f51ead017') in 0.005235 seconds 
========================================================================
Received Import Request.
  Time since last request: 4.966226 seconds.
  path: Assets/ImportedAssets/Mixamo/Suit Guy/RawAnimImport/walking.fbx
  artifactKey: Guid(2ee6b2a02243bf642bd708b94c16905a) Importer(815301076,1909f56bfc062723c751e8b465ee728b)
Start importing Assets/ImportedAssets/Mixamo/Suit Guy/RawAnimImport/walking.fbx using Guid(2ee6b2a02243bf642bd708b94c16905a) Importer(815301076,1909f56bfc062723c751e8b465ee728b)  -> (artifact id: '5bef2bb512428aa7a24047788115105e') in 0.007331 seconds 
========================================================================
Received Import Request.
  Time since last request: 109.837395 seconds.
  path: Assets/ImportedAssets/Mixamo/Suit Guy/RawAnimImport/running.fbx
  artifactKey: Guid(9c46c9c44724bdf40bcbbf6ac7e6a526) Importer(815301076,1909f56bfc062723c751e8b465ee728b)
Start importing Assets/ImportedAssets/Mixamo/Suit Guy/RawAnimImport/running.fbx using Guid(9c46c9c44724bdf40bcbbf6ac7e6a526) Importer(815301076,1909f56bfc062723c751e8b465ee728b)  -> (artifact id: 'c71527cedea5a2c4e12b28ed9f3b34bf') in 0.008429 seconds 
========================================================================
Received Import Request.
  Time since last request: 34.217434 seconds.
  path: Assets/ImportedAssets/Mixamo/Suit Guy/RawAnimImport/jump.fbx
  artifactKey: Guid(f60d3e9657a1fe34a9ba50d652aa81e8) Importer(815301076,1909f56bfc062723c751e8b465ee728b)
Start importing Assets/ImportedAssets/Mixamo/Suit Guy/RawAnimImport/jump.fbx using Guid(f60d3e9657a1fe34a9ba50d652aa81e8) Importer(815301076,1909f56bfc062723c751e8b465ee728b)  -> (artifact id: 'd9c308b256130efb83bb954a8379e06b') in 0.010978 seconds 
========================================================================
Received Import Request.
  Time since last request: 0.004675 seconds.
  path: Assets/ImportedAssets/Mixamo/Suit Guy/RawAnimImport/right strafe.fbx
  artifactKey: Guid(9813d1b4cd2f2584da17c64934c88466) Importer(815301076,1909f56bfc062723c751e8b465ee728b)
Start importing Assets/ImportedAssets/Mixamo/Suit Guy/RawAnimImport/right strafe.fbx using Guid(9813d1b4cd2f2584da17c64934c88466) Importer(815301076,1909f56bfc062723c751e8b465ee728b)  -> (artifact id: '5d355bc839b335ed14b0aa47018f5ad2') in 0.007530 seconds 
========================================================================
Received Import Request.
  Time since last request: 0.000022 seconds.
  path: Assets/ImportedAssets/Mixamo/Suit Guy/RawAnimImport/right turn 90.fbx
  artifactKey: Guid(7c523e273d31d0042b742441a4bb8f1d) Importer(815301076,1909f56bfc062723c751e8b465ee728b)
Start importing Assets/ImportedAssets/Mixamo/Suit Guy/RawAnimImport/right turn 90.fbx using Guid(7c523e273d31d0042b742441a4bb8f1d) Importer(815301076,1909f56bfc062723c751e8b465ee728b)  -> (artifact id: 'ac076b6108bcb00f67c2ade5ed7ce358') in 0.006921 seconds 
========================================================================
Received Import Request.
  Time since last request: 0.000027 seconds.
  path: Assets/ImportedAssets/Mixamo/Suit Guy/RawAnimImport/left turn.fbx
  artifactKey: Guid(077004fc01ef98a4fbad8ce1e162939c) Importer(815301076,1909f56bfc062723c751e8b465ee728b)
Start importing Assets/ImportedAssets/Mixamo/Suit Guy/RawAnimImport/left turn.fbx using Guid(077004fc01ef98a4fbad8ce1e162939c) Importer(815301076,1909f56bfc062723c751e8b465ee728b)  -> (artifact id: '65c35bc70a44157d17ce0d42704913ed') in 0.006846 seconds 
========================================================================
Received Import Request.
  Time since last request: 0.000017 seconds.
  path: Assets/ImportedAssets/Mixamo/Suit Guy/RawAnimImport/left strafe.fbx
  artifactKey: Guid(e02dca0b6006f4f489eac58a35dee4be) Importer(815301076,1909f56bfc062723c751e8b465ee728b)
Start importing Assets/ImportedAssets/Mixamo/Suit Guy/RawAnimImport/left strafe.fbx using Guid(e02dca0b6006f4f489eac58a35dee4be) Importer(815301076,1909f56bfc062723c751e8b465ee728b)  -> (artifact id: 'd2a9d4de0290791413228e7f5ef98a5c') in 0.005791 seconds 
========================================================================
Received Import Request.
  Time since last request: 0.000015 seconds.
  path: Assets/ImportedAssets/Mixamo/Suit Guy/RawAnimImport/right strafe walking.fbx
  artifactKey: Guid(d5c1f86f72df3e64a8229d52113bc9ef) Importer(815301076,1909f56bfc062723c751e8b465ee728b)
Start importing Assets/ImportedAssets/Mixamo/Suit Guy/RawAnimImport/right strafe walking.fbx using Guid(d5c1f86f72df3e64a8229d52113bc9ef) Importer(815301076,1909f56bfc062723c751e8b465ee728b)  -> (artifact id: '11b4f1efc43a1e8fc1bfea34993776a2') in 0.007238 seconds 
========================================================================
Received Import Request.
  Time since last request: 0.000015 seconds.
  path: Assets/ImportedAssets/Mixamo/Suit Guy/RawAnimImport/right turn.fbx
  artifactKey: Guid(22fb15e7966cc9249a8e4c8d0879aa02) Importer(815301076,1909f56bfc062723c751e8b465ee728b)
Start importing Assets/ImportedAssets/Mixamo/Suit Guy/RawAnimImport/right turn.fbx using Guid(22fb15e7966cc9249a8e4c8d0879aa02) Importer(815301076,1909f56bfc062723c751e8b465ee728b)  -> (artifact id: '873fc3be82b9d20bf22032fc9eb38558') in 0.004875 seconds 
========================================================================
Received Import Request.
  Time since last request: 0.000021 seconds.
  path: Assets/ImportedAssets/Mixamo/Suit Guy/RawAnimImport/left turn 90.fbx
  artifactKey: Guid(896f124c085e4f7489bbbd83d9a5e6d5) Importer(815301076,1909f56bfc062723c751e8b465ee728b)
Start importing Assets/ImportedAssets/Mixamo/Suit Guy/RawAnimImport/left turn 90.fbx using Guid(896f124c085e4f7489bbbd83d9a5e6d5) Importer(815301076,1909f56bfc062723c751e8b465ee728b)  -> (artifact id: 'f620e790ba6863424d92d6a56d6abc54') in 0.007896 seconds 
Editor requested this worker to shutdown with reason: Scaling down because of idle timeout
AssetImportWorker is now disconnected from the server
Process exiting
Exiting without the bug reporter. Application will terminate with return code 0