Using pre-set license
Built from '2021.3/staging' branch; Version is '2021.3.3f1 (af2e63e8f9bd) revision 11480675'; Using compiler version '192829333'; Build Type 'Release'
OS: 'Windows 10  (10.0.19044) 64bit Core' Language: 'en' Physical Memory: 32661 MB
BatchMode: 1, IsHumanControllingUs: 0, StartBugReporterOnCrash: 0, Is64bit: 1, IsPro: 1

COMMAND LINE ARGUMENTS:
C:\Program Files\Unity\Hub\Editor\2021.3.3f1\Editor\Unity.exe
-adb2
-batchMode
-noUpm
-name
AssetImportWorker0
-projectPath
F:/frien_000/Unity/CQCProj/CQC
-logFile
Logs/AssetImportWorker0.log
-srvPort
51455
Successfully changed project path to: F:/frien_000/Unity/CQCProj/CQC
F:/frien_000/Unity/CQCProj/CQC
[UnityMemory] Configuration Parameters - Can be set up in boot.config
    "memorysetup-bucket-allocator-granularity=16"
    "memorysetup-bucket-allocator-bucket-count=8"
    "memorysetup-bucket-allocator-block-size=33554432"
    "memorysetup-bucket-allocator-block-count=8"
    "memorysetup-main-allocator-block-size=16777216"
    "memorysetup-thread-allocator-block-size=16777216"
    "memorysetup-gfx-main-allocator-block-size=16777216"
    "memorysetup-gfx-thread-allocator-block-size=16777216"
    "memorysetup-cache-allocator-block-size=4194304"
    "memorysetup-typetree-allocator-block-size=2097152"
    "memorysetup-profiler-bucket-allocator-granularity=16"
    "memorysetup-profiler-bucket-allocator-bucket-count=8"
    "memorysetup-profiler-bucket-allocator-block-size=33554432"
    "memorysetup-profiler-bucket-allocator-block-count=8"
    "memorysetup-profiler-allocator-block-size=16777216"
    "memorysetup-profiler-editor-allocator-block-size=1048576"
    "memorysetup-temp-allocator-size-main=16777216"
    "memorysetup-job-temp-allocator-block-size=2097152"
    "memorysetup-job-temp-allocator-block-size-background=1048576"
    "memorysetup-job-temp-allocator-reduction-small-platforms=262144"
    "memorysetup-temp-allocator-size-background-worker=32768"
    "memorysetup-temp-allocator-size-job-worker=262144"
    "memorysetup-temp-allocator-size-preload-manager=33554432"
    "memorysetup-temp-allocator-size-nav-mesh-worker=65536"
    "memorysetup-temp-allocator-size-audio-worker=65536"
    "memorysetup-temp-allocator-size-cloud-worker=32768"
    "memorysetup-temp-allocator-size-gi-baking-worker=262144"
    "memorysetup-temp-allocator-size-gfx=262144"
Refreshing native plugins compatible for Editor in 31.10 ms, found 3 plugins.
Preloading 0 native plugins for Editor in 0.00 ms.
Initialize engine version: 2021.3.3f1 (af2e63e8f9bd)
[Subsystems] Discovering subsystems at path C:/Program Files/Unity/Hub/Editor/2021.3.3f1/Editor/Data/Resources/UnitySubsystems
[Subsystems] Discovering subsystems at path F:/frien_000/Unity/CQCProj/CQC/Assets
GfxDevice: creating device client; threaded=0; jobified=0
Direct3D:
    Version:  Direct3D 11.0 [level 11.1]
    Renderer: NVIDIA GeForce GTX 1080 (ID=0x1b80)
    Vendor:   NVIDIA
    VRAM:     8079 MB
    Driver:   30.0.15.1295
Initialize mono
Mono path[0] = 'C:/Program Files/Unity/Hub/Editor/2021.3.3f1/Editor/Data/Managed'
Mono path[1] = 'C:/Program Files/Unity/Hub/Editor/2021.3.3f1/Editor/Data/MonoBleedingEdge/lib/mono/unityjit-win32'
Mono config path = 'C:/Program Files/Unity/Hub/Editor/2021.3.3f1/Editor/Data/MonoBleedingEdge/etc'
Using monoOptions --debugger-agent=transport=dt_socket,embedding=1,server=y,suspend=n,address=127.0.0.1:56440
Begin MonoManager ReloadAssembly
Registering precompiled unity dll's ...
Register platform support module: C:/Program Files/Unity/Hub/Editor/2021.3.3f1/Editor/Data/PlaybackEngines/WindowsStandaloneSupport/UnityEditor.WindowsStandalone.Extensions.dll
Registered in 0.092993 seconds.
Native extension for WindowsStandalone target not found
Refreshing native plugins compatible for Editor in 28.85 ms, found 3 plugins.
Preloading 0 native plugins for Editor in 0.00 ms.
Mono: successfully reloaded assembly
- Completed reload, in  3.448 seconds
Domain Reload Profiling:
	ReloadAssembly (3448ms)
		BeginReloadAssembly (2499ms)
			ExecutionOrderSort (0ms)
			DisableScriptedObjects (0ms)
			BackupInstance (0ms)
			ReleaseScriptingObjects (0ms)
			CreateAndSetChildDomain (1ms)
		EndReloadAssembly (600ms)
			LoadAssemblies (2497ms)
			RebuildTransferFunctionScriptingTraits (0ms)
			SetupTypeCache (355ms)
			ReleaseScriptCaches (0ms)
			RebuildScriptCaches (22ms)
			SetupLoadedEditorAssemblies (183ms)
				LogAssemblyErrors (0ms)
				InitializePlatformSupportModulesInManaged (7ms)
				SetLoadedEditorAssemblies (0ms)
				RefreshPlugins (29ms)
				BeforeProcessingInitializeOnLoad (1ms)
				ProcessInitializeOnLoadAttributes (108ms)
				ProcessInitializeOnLoadMethodAttributes (38ms)
				AfterProcessingInitializeOnLoad (0ms)
				EditorAssembliesLoaded (0ms)
			ExecutionOrderSort2 (0ms)
			AwakeInstancesAfterBackupRestoration (0ms)
Platform modules already initialized, skipping
Registering precompiled user dll's ...
Registered in 0.002652 seconds.
Begin MonoManager ReloadAssembly
Native extension for WindowsStandalone target not found
Refreshing native plugins compatible for Editor in 0.47 ms, found 3 plugins.
Preloading 0 native plugins for Editor in 0.00 ms.
Mono: successfully reloaded assembly
- Completed reload, in  3.698 seconds
Domain Reload Profiling:
	ReloadAssembly (3699ms)
		BeginReloadAssembly (89ms)
			ExecutionOrderSort (0ms)
			DisableScriptedObjects (5ms)
			BackupInstance (0ms)
			ReleaseScriptingObjects (0ms)
			CreateAndSetChildDomain (15ms)
		EndReloadAssembly (3492ms)
			LoadAssemblies (1930ms)
			RebuildTransferFunctionScriptingTraits (0ms)
			SetupTypeCache (490ms)
			ReleaseScriptCaches (0ms)
			RebuildScriptCaches (38ms)
			SetupLoadedEditorAssemblies (1010ms)
				LogAssemblyErrors (0ms)
				InitializePlatformSupportModulesInManaged (5ms)
				SetLoadedEditorAssemblies (0ms)
				RefreshPlugins (1ms)
				BeforeProcessingInitializeOnLoad (51ms)
				ProcessInitializeOnLoadAttributes (221ms)
				ProcessInitializeOnLoadMethodAttributes (725ms)
				AfterProcessingInitializeOnLoad (7ms)
				EditorAssembliesLoaded (0ms)
			ExecutionOrderSort2 (0ms)
			AwakeInstancesAfterBackupRestoration (5ms)
Platform modules already initialized, skipping
========================================================================
Worker process is ready to serve import requests
Launched and connected shader compiler UnityShaderCompiler.exe after 0.08 seconds
Refreshing native plugins compatible for Editor in 0.44 ms, found 3 plugins.
Preloading 0 native plugins for Editor in 0.00 ms.
Unloading 2186 Unused Serialized files (Serialized files now loaded: 0)
Unloading 39 unused Assets / (1.3 MB). Loaded Objects now: 2640.
Memory consumption went from 99.4 MB to 98.1 MB.
Total: 2.488500 ms (FindLiveObjects: 0.182800 ms CreateObjectMapping: 0.101100 ms MarkObjects: 1.942900 ms  DeleteObjects: 0.261100 ms)

AssetImportParameters requested are different than current active one (requested -> active):
  custom:video-decoder-ogg-theora: a1e56fd34408186e4bbccfd4996cb3dc -> 
  custom:container-muxer-webm: aa71ff27fc2769a1b78a27578f13a17b -> 
  custom:container-demuxer-webm: 4f35f7cbe854078d1ac9338744f61a02 -> 
  custom:video-encoder-webm-vp8: eb34c28f22e8b96e1ab97ce403110664 -> 
  custom:audio-encoder-webm-vorbis: bf7c407c2cedff20999df2af8eb42d56 -> 
  custom:framework-win-MediaFoundation: 216162199b28c13a410421893ffa2e32 -> 
  custom:container-demuxer-ogg: 62fdf1f143b41e24485cea50d1cbac27 -> 
  custom:video-decoder-webm-vp8: 9c59270c3fd7afecdb556c50c9e8de78 -> 
  custom:audio-decoder-ogg-vorbis: bf7c407c2cedff20999df2af8eb42d56 -> 
========================================================================
Received Import Request.
  Time since last request: 387003.234944 seconds.
  path: Assets/ImportedAssets/Mixamo/Suit Guy/RawAnimImport/Turning Right 1.fbx
  artifactKey: Guid(1f5275277495d174781fa3470947113b) Importer(815301076,1909f56bfc062723c751e8b465ee728b)
Start importing Assets/ImportedAssets/Mixamo/Suit Guy/RawAnimImport/Turning Right 1.fbx using Guid(1f5275277495d174781fa3470947113b) Importer(815301076,1909f56bfc062723c751e8b465ee728b)  -> (artifact id: 'b501a62054548660a7dc8e07a9678ffb') in 0.060511 seconds 
========================================================================
Received Import Request.
  Time since last request: 321.481020 seconds.
  path: Assets/ImportedAssets/Mixamo/Suit Guy/RawAnimImport/idle.fbx
  artifactKey: Guid(ca600d8f3cbf302418fc93e4873105f4) Importer(815301076,1909f56bfc062723c751e8b465ee728b)
Start importing Assets/ImportedAssets/Mixamo/Suit Guy/RawAnimImport/idle.fbx using Guid(ca600d8f3cbf302418fc93e4873105f4) Importer(815301076,1909f56bfc062723c751e8b465ee728b)  -> (artifact id: '69b78961b6d65d27d84ac916ff661fa8') in 0.303667 seconds 
========================================================================
Received Import Request.
  Time since last request: 0.000020 seconds.
  path: Assets/ImportedAssets/Mixamo/Suit Guy/RawAnimImport/right strafe.fbx
  artifactKey: Guid(9813d1b4cd2f2584da17c64934c88466) Importer(815301076,1909f56bfc062723c751e8b465ee728b)
Start importing Assets/ImportedAssets/Mixamo/Suit Guy/RawAnimImport/right strafe.fbx using Guid(9813d1b4cd2f2584da17c64934c88466) Importer(815301076,1909f56bfc062723c751e8b465ee728b)  -> (artifact id: 'c8756dd10c6ab05be33a9632ad5c6a6a') in 0.007627 seconds 
========================================================================
Received Import Request.
  Time since last request: 0.000023 seconds.
  path: Assets/ImportedAssets/Mixamo/Suit Guy/RawAnimImport/left turn.fbx
  artifactKey: Guid(077004fc01ef98a4fbad8ce1e162939c) Importer(815301076,1909f56bfc062723c751e8b465ee728b)
Start importing Assets/ImportedAssets/Mixamo/Suit Guy/RawAnimImport/left turn.fbx using Guid(077004fc01ef98a4fbad8ce1e162939c) Importer(815301076,1909f56bfc062723c751e8b465ee728b)  -> (artifact id: '578dd0e9fa6f3a12bcf178724dcf98b0') in 0.008171 seconds 
========================================================================
Received Import Request.
  Time since last request: 0.000014 seconds.
  path: Assets/ImportedAssets/Mixamo/Suit Guy/RawAnimImport/left strafe walking.fbx
  artifactKey: Guid(ee3f84d42d9524e4585b749834041c31) Importer(815301076,1909f56bfc062723c751e8b465ee728b)
Start importing Assets/ImportedAssets/Mixamo/Suit Guy/RawAnimImport/left strafe walking.fbx using Guid(ee3f84d42d9524e4585b749834041c31) Importer(815301076,1909f56bfc062723c751e8b465ee728b)  -> (artifact id: '4a10aad2366d2767d5bd7454f7103d24') in 0.007869 seconds 
========================================================================
Received Import Request.
  Time since last request: 0.000018 seconds.
  path: Assets/ImportedAssets/Mixamo/Suit Guy/RawAnimImport/left strafe.fbx
  artifactKey: Guid(e02dca0b6006f4f489eac58a35dee4be) Importer(815301076,1909f56bfc062723c751e8b465ee728b)
Start importing Assets/ImportedAssets/Mixamo/Suit Guy/RawAnimImport/left strafe.fbx using Guid(e02dca0b6006f4f489eac58a35dee4be) Importer(815301076,1909f56bfc062723c751e8b465ee728b)  -> (artifact id: '3e2ff2da46a3df0bcf88c806a3400edd') in 0.025317 seconds 
========================================================================
Received Import Request.
  Time since last request: 0.000014 seconds.
  path: Assets/ImportedAssets/Mixamo/Suit Guy/RawAnimImport/right turn.fbx
  artifactKey: Guid(22fb15e7966cc9249a8e4c8d0879aa02) Importer(815301076,1909f56bfc062723c751e8b465ee728b)
Start importing Assets/ImportedAssets/Mixamo/Suit Guy/RawAnimImport/right turn.fbx using Guid(22fb15e7966cc9249a8e4c8d0879aa02) Importer(815301076,1909f56bfc062723c751e8b465ee728b)  -> (artifact id: 'a9d7ca70ea245077540f5955c81a7622') in 0.019220 seconds 
========================================================================
Received Import Request.
  Time since last request: 0.000023 seconds.
  path: Assets/ImportedAssets/Mixamo/Suit Guy/RawAnimImport/running.fbx
  artifactKey: Guid(9c46c9c44724bdf40bcbbf6ac7e6a526) Importer(815301076,1909f56bfc062723c751e8b465ee728b)
Start importing Assets/ImportedAssets/Mixamo/Suit Guy/RawAnimImport/running.fbx using Guid(9c46c9c44724bdf40bcbbf6ac7e6a526) Importer(815301076,1909f56bfc062723c751e8b465ee728b)  -> (artifact id: '916de7979b7f5b7a192e225a9e623543') in 0.007551 seconds 
========================================================================
Received Import Request.
  Time since last request: 0.102943 seconds.
  path: Assets/ImportedAssets/Mixamo/Suit Guy/RawAnimImport/walking.fbx
  artifactKey: Guid(2ee6b2a02243bf642bd708b94c16905a) Importer(815301076,1909f56bfc062723c751e8b465ee728b)
Start importing Assets/ImportedAssets/Mixamo/Suit Guy/RawAnimImport/walking.fbx using Guid(2ee6b2a02243bf642bd708b94c16905a) Importer(815301076,1909f56bfc062723c751e8b465ee728b)  -> (artifact id: '7550ef8ef8e5dad6add91b0120b07be9') in 0.007892 seconds 
========================================================================
Received Import Request.
  Time since last request: 14.857695 seconds.
  path: Assets/ImportedAssets/Mixamo/Suit Guy/RawAnimImport/left strafe.fbx
  artifactKey: Guid(e02dca0b6006f4f489eac58a35dee4be) Importer(815301076,1909f56bfc062723c751e8b465ee728b)
Start importing Assets/ImportedAssets/Mixamo/Suit Guy/RawAnimImport/left strafe.fbx using Guid(e02dca0b6006f4f489eac58a35dee4be) Importer(815301076,1909f56bfc062723c751e8b465ee728b)  -> (artifact id: '723205ece9c7255e7ca15f2243fa4253') in 0.009479 seconds 
========================================================================
Received Import Request.
  Time since last request: 0.000017 seconds.
  path: Assets/ImportedAssets/Mixamo/Suit Guy/RawAnimImport/right turn 90.fbx
  artifactKey: Guid(7c523e273d31d0042b742441a4bb8f1d) Importer(815301076,1909f56bfc062723c751e8b465ee728b)
Start importing Assets/ImportedAssets/Mixamo/Suit Guy/RawAnimImport/right turn 90.fbx using Guid(7c523e273d31d0042b742441a4bb8f1d) Importer(815301076,1909f56bfc062723c751e8b465ee728b)  -> (artifact id: 'c47b4e18e92971b27725a8d1b3904162') in 0.004928 seconds 
========================================================================
Received Import Request.
  Time since last request: 0.000014 seconds.
  path: Assets/ImportedAssets/Mixamo/Suit Guy/RawAnimImport/right turn.fbx
  artifactKey: Guid(22fb15e7966cc9249a8e4c8d0879aa02) Importer(815301076,1909f56bfc062723c751e8b465ee728b)
Start importing Assets/ImportedAssets/Mixamo/Suit Guy/RawAnimImport/right turn.fbx using Guid(22fb15e7966cc9249a8e4c8d0879aa02) Importer(815301076,1909f56bfc062723c751e8b465ee728b)  -> (artifact id: '9b22f613b9bbf641eb40fd6b895f7772') in 0.007846 seconds 
Editor requested this worker to shutdown with reason: Scaling down because of idle timeout
AssetImportWorker is now disconnected from the server
Process exiting
Exiting without the bug reporter. Application will terminate with return code 0